<?xml version="1.0" encoding="UTF-8"?>
<testng-results ignored="0" total="1" passed="1" failed="0" skipped="0">
  <reporter-output>
  </reporter-output>
  <suite started-at="2018-04-24T12:20:13Z" name="POC" finished-at="2018-04-24T12:20:21Z" duration-ms="8024">
    <groups>
    </groups>
    <test started-at="2018-04-24T12:20:13Z" name="POCTest" finished-at="2018-04-24T12:20:21Z" duration-ms="8024">
      <class name="DevOpsPOC.MavenPOC24Apr.SampleTestCase">
        <test-method is-config="true" signature="beforeSuite()[pri:0, instance:DevOpsPOC.MavenPOC24Apr.SampleTestCase@55f616cf]" started-at="2018-04-24T12:20:13Z" name="beforeSuite" finished-at="2018-04-24T12:20:13Z" duration-ms="9" status="PASS">
          <reporter-output>
          </reporter-output>
        </test-method> <!-- beforeSuite -->
        <test-method is-config="true" signature="beforeTest()[pri:0, instance:DevOpsPOC.MavenPOC24Apr.SampleTestCase@55f616cf]" started-at="2018-04-24T12:20:13Z" name="beforeTest" finished-at="2018-04-24T12:20:13Z" duration-ms="0" status="PASS">
          <reporter-output>
          </reporter-output>
        </test-method> <!-- beforeTest -->
        <test-method signature="f()[pri:0, instance:DevOpsPOC.MavenPOC24Apr.SampleTestCase@55f616cf]" started-at="2018-04-24T12:20:13Z" name="f" finished-at="2018-04-24T12:20:21Z" duration-ms="8006" status="PASS">
          <reporter-output>
          </reporter-output>
        </test-method> <!-- f -->
        <test-method is-config="true" signature="afterTest()[pri:0, instance:DevOpsPOC.MavenPOC24Apr.SampleTestCase@55f616cf]" started-at="2018-04-24T12:20:21Z" name="afterTest" finished-at="2018-04-24T12:20:21Z" duration-ms="0" status="PASS">
          <reporter-output>
          </reporter-output>
        </test-method> <!-- afterTest -->
        <test-method is-config="true" signature="afterSuite()[pri:0, instance:DevOpsPOC.MavenPOC24Apr.SampleTestCase@55f616cf]" started-at="2018-04-24T12:20:21Z" name="afterSuite" finished-at="2018-04-24T12:20:21Z" duration-ms="0" status="PASS">
          <reporter-output>
          </reporter-output>
        </test-method> <!-- afterSuite -->
      </class> <!-- DevOpsPOC.MavenPOC24Apr.SampleTestCase -->
    </test> <!-- POCTest -->
  </suite> <!-- POC -->
</testng-results>
